<?xml version="1.0" encoding="UTF-8"?>
<coverage generated="1526908648709" clover="3.2.0">
  <project timestamp="1526908648709" name="All files">
    <metrics statements="17" coveredstatements="12" conditionals="4" coveredconditionals="1" methods="6" coveredmethods="6" elements="27" coveredelements="19" complexity="0" loc="17" ncloc="17" packages="1" files="1" classes="1">
      <file name="01_aquarium.js" path="/Users/Remi/Workspace/camp2_exercises/06_react_redux/01_es6_fundamentals/01_aquarium/01_aquarium.js">
        <metrics statements="17" coveredstatements="12" conditionals="4" coveredconditionals="1" methods="6" coveredmethods="6"/>
        <line num="3" count="4" type="stmt"/>
        <line num="4" count="4" type="stmt"/>
        <line num="7" count="1" type="stmt"/>
        <line num="10" count="1" type="stmt"/>
        <line num="13" count="1" type="cond" truecount="1" falsecount="1"/>
        <line num="14" count="1" type="stmt"/>
        <line num="15" count="1" type="stmt"/>
        <line num="16" count="0" type="cond" truecount="0" falsecount="2"/>
        <line num="17" count="0" type="stmt"/>
        <line num="18" count="0" type="stmt"/>
        <line num="20" count="0" type="stmt"/>
        <line num="21" count="0" type="stmt"/>
        <line num="28" count="5" type="stmt"/>
        <line num="29" count="5" type="stmt"/>
        <line num="30" count="5" type="stmt"/>
        <line num="36" count="3" type="stmt"/>
        <line num="41" count="1" type="stmt"/>
      </file>
    </metrics>
  </project>
</coverage>
