TN:
SF:/Users/Remi/Workspace/camp2_exercises/06_react_redux/01_es6_fundamentals/01_aquarium/01_aquarium.js
FN:2,(anonymous_0)
FN:6,(anonymous_1)
FN:9,(anonymous_2)
FN:12,(anonymous_3)
FN:27,(anonymous_4)
FN:35,(anonymous_5)
FNF:6
FNH:6
FNDA:4,(anonymous_0)
FNDA:1,(anonymous_1)
FNDA:1,(anonymous_2)
FNDA:1,(anonymous_3)
FNDA:5,(anonymous_4)
FNDA:3,(anonymous_5)
DA:3,4
DA:4,4
DA:7,1
DA:10,1
DA:13,1
DA:14,1
DA:15,1
DA:16,0
DA:17,0
DA:18,0
DA:20,0
DA:21,0
DA:28,5
DA:29,5
DA:30,5
DA:36,3
DA:41,1
LF:17
LH:12
BRDA:13,0,0,1
BRDA:13,0,1,0
BRDA:16,1,0,0
BRDA:16,1,1,0
BRF:4
BRH:1
end_of_record
