{"/Users/Remi/Workspace/camp2_exercises/03_backend_developement/02_node_&_internet_fundamentals/02_manage_a_webservice/talk_with_json_placeholder.js": {"path":"/Users/Remi/Workspace/camp2_exercises/03_backend_developement/02_node_&_internet_fundamentals/02_manage_a_webservice/talk_with_json_placeholder.js","statementMap":{"0":{"start":{"line":1,"column":16},"end":{"line":1,"column":34}},"1":{"start":{"line":2,"column":0},"end":{"line":9,"column":2}},"2":{"start":{"line":12,"column":2},"end":{"line":20,"column":4}},"3":{"start":{"line":18,"column":6},"end":{"line":18,"column":23}},"4":{"start":{"line":24,"column":2},"end":{"line":32,"column":4}},"5":{"start":{"line":30,"column":6},"end":{"line":30,"column":23}},"6":{"start":{"line":36,"column":2},"end":{"line":44,"column":4}},"7":{"start":{"line":42,"column":6},"end":{"line":42,"column":23}},"8":{"start":{"line":48,"column":2},"end":{"line":56,"column":4}},"9":{"start":{"line":54,"column":6},"end":{"line":54,"column":23}},"10":{"start":{"line":60,"column":2},"end":{"line":68,"column":4}},"11":{"start":{"line":66,"column":6},"end":{"line":66,"column":23}}},"fnMap":{"0":{"name":"fetchUsers","decl":{"start":{"line":11,"column":9},"end":{"line":11,"column":19}},"loc":{"start":{"line":11,"column":30},"end":{"line":21,"column":1}},"line":11},"1":{"name":"(anonymous_1)","decl":{"start":{"line":17,"column":4},"end":{"line":17,"column":5}},"loc":{"start":{"line":17,"column":38},"end":{"line":19,"column":5}},"line":17},"2":{"name":"fetchUser","decl":{"start":{"line":23,"column":9},"end":{"line":23,"column":18}},"loc":{"start":{"line":23,"column":37},"end":{"line":33,"column":1}},"line":23},"3":{"name":"(anonymous_3)","decl":{"start":{"line":29,"column":4},"end":{"line":29,"column":5}},"loc":{"start":{"line":29,"column":38},"end":{"line":31,"column":5}},"line":29},"4":{"name":"fetchComments","decl":{"start":{"line":35,"column":9},"end":{"line":35,"column":22}},"loc":{"start":{"line":35,"column":33},"end":{"line":45,"column":1}},"line":35},"5":{"name":"(anonymous_5)","decl":{"start":{"line":41,"column":4},"end":{"line":41,"column":5}},"loc":{"start":{"line":41,"column":38},"end":{"line":43,"column":5}},"line":41},"6":{"name":"fetchCommentsByPost","decl":{"start":{"line":47,"column":9},"end":{"line":47,"column":28}},"loc":{"start":{"line":47,"column":47},"end":{"line":57,"column":1}},"line":47},"7":{"name":"(anonymous_7)","decl":{"start":{"line":53,"column":4},"end":{"line":53,"column":5}},"loc":{"start":{"line":53,"column":38},"end":{"line":55,"column":5}},"line":53},"8":{"name":"publishPost","decl":{"start":{"line":59,"column":9},"end":{"line":59,"column":20}},"loc":{"start":{"line":59,"column":52},"end":{"line":69,"column":1}},"line":59},"9":{"name":"(anonymous_9)","decl":{"start":{"line":65,"column":4},"end":{"line":65,"column":5}},"loc":{"start":{"line":65,"column":38},"end":{"line":67,"column":5}},"line":65}},"branchMap":{},"s":{"0":1,"1":1,"2":1,"3":1,"4":1,"5":1,"6":1,"7":1,"8":1,"9":1,"10":1,"11":1},"f":{"0":1,"1":1,"2":1,"3":1,"4":1,"5":1,"6":1,"7":1,"8":1,"9":1},"b":{},"_coverageSchema":"332fd63041d2c1bcb487cc26dd0d5f7d97098a6c","hash":"3039568e34ebef8f72db4f84fd6ef3a5a20303c6"}
,"/Users/Remi/Workspace/camp2_exercises/03_backend_developement/02_node_&_internet_fundamentals/02_manage_a_webservice/.__tests__/talk_with_json_placeholder.test.js": {"path":"/Users/Remi/Workspace/camp2_exercises/03_backend_developement/02_node_&_internet_fundamentals/02_manage_a_webservice/.__tests__/talk_with_json_placeholder.test.js","statementMap":{"0":{"start":{"line":1,"column":16},"end":{"line":1,"column":34}},"1":{"start":{"line":17,"column":4},"end":{"line":17,"column":44}},"2":{"start":{"line":19,"column":23},"end":{"line":27,"column":4}},"3":{"start":{"line":20,"column":2},"end":{"line":27,"column":4}},"4":{"start":{"line":21,"column":4},"end":{"line":26,"column":7}},"5":{"start":{"line":22,"column":6},"end":{"line":24,"column":7}},"6":{"start":{"line":23,"column":8},"end":{"line":23,"column":29}},"7":{"start":{"line":25,"column":6},"end":{"line":25,"column":20}},"8":{"start":{"line":29,"column":0},"end":{"line":40,"column":3}},"9":{"start":{"line":30,"column":2},"end":{"line":30,"column":23}},"10":{"start":{"line":32,"column":2},"end":{"line":39,"column":5}},"11":{"start":{"line":33,"column":4},"end":{"line":38,"column":6}},"12":{"start":{"line":35,"column":8},"end":{"line":35,"column":43}},"13":{"start":{"line":36,"column":8},"end":{"line":36,"column":15}},"14":{"start":{"line":41,"column":0},"end":{"line":52,"column":3}},"15":{"start":{"line":42,"column":2},"end":{"line":42,"column":23}},"16":{"start":{"line":44,"column":2},"end":{"line":51,"column":5}},"17":{"start":{"line":45,"column":4},"end":{"line":50,"column":6}},"18":{"start":{"line":47,"column":8},"end":{"line":47,"column":43}},"19":{"start":{"line":48,"column":8},"end":{"line":48,"column":15}},"20":{"start":{"line":54,"column":0},"end":{"line":65,"column":3}},"21":{"start":{"line":55,"column":2},"end":{"line":55,"column":23}},"22":{"start":{"line":57,"column":2},"end":{"line":64,"column":5}},"23":{"start":{"line":58,"column":4},"end":{"line":63,"column":6}},"24":{"start":{"line":60,"column":8},"end":{"line":60,"column":43}},"25":{"start":{"line":61,"column":8},"end":{"line":61,"column":15}},"26":{"start":{"line":66,"column":0},"end":{"line":77,"column":3}},"27":{"start":{"line":67,"column":2},"end":{"line":67,"column":23}},"28":{"start":{"line":69,"column":2},"end":{"line":76,"column":5}},"29":{"start":{"line":70,"column":4},"end":{"line":75,"column":6}},"30":{"start":{"line":72,"column":8},"end":{"line":72,"column":43}},"31":{"start":{"line":73,"column":8},"end":{"line":73,"column":15}},"32":{"start":{"line":78,"column":0},"end":{"line":89,"column":3}},"33":{"start":{"line":79,"column":2},"end":{"line":79,"column":23}},"34":{"start":{"line":81,"column":2},"end":{"line":88,"column":5}},"35":{"start":{"line":82,"column":4},"end":{"line":87,"column":6}},"36":{"start":{"line":84,"column":8},"end":{"line":84,"column":43}},"37":{"start":{"line":85,"column":8},"end":{"line":85,"column":15}},"38":{"start":{"line":90,"column":0},"end":{"line":101,"column":3}},"39":{"start":{"line":91,"column":2},"end":{"line":91,"column":23}},"40":{"start":{"line":93,"column":2},"end":{"line":100,"column":5}},"41":{"start":{"line":94,"column":4},"end":{"line":99,"column":6}},"42":{"start":{"line":96,"column":8},"end":{"line":96,"column":43}},"43":{"start":{"line":97,"column":8},"end":{"line":97,"column":15}},"44":{"start":{"line":102,"column":0},"end":{"line":113,"column":3}},"45":{"start":{"line":103,"column":2},"end":{"line":103,"column":23}},"46":{"start":{"line":105,"column":2},"end":{"line":112,"column":5}},"47":{"start":{"line":106,"column":4},"end":{"line":111,"column":7}},"48":{"start":{"line":109,"column":6},"end":{"line":109,"column":41}},"49":{"start":{"line":110,"column":6},"end":{"line":110,"column":13}},"50":{"start":{"line":114,"column":0},"end":{"line":131,"column":3}},"51":{"start":{"line":115,"column":2},"end":{"line":115,"column":23}},"52":{"start":{"line":117,"column":2},"end":{"line":130,"column":5}},"53":{"start":{"line":118,"column":4},"end":{"line":129,"column":7}},"54":{"start":{"line":127,"column":6},"end":{"line":127,"column":65}},"55":{"start":{"line":128,"column":6},"end":{"line":128,"column":13}},"56":{"start":{"line":132,"column":0},"end":{"line":150,"column":3}},"57":{"start":{"line":133,"column":2},"end":{"line":133,"column":23}},"58":{"start":{"line":135,"column":2},"end":{"line":149,"column":5}},"59":{"start":{"line":136,"column":4},"end":{"line":148,"column":7}},"60":{"start":{"line":146,"column":6},"end":{"line":146,"column":65}},"61":{"start":{"line":147,"column":6},"end":{"line":147,"column":13}},"62":{"start":{"line":151,"column":0},"end":{"line":166,"column":3}},"63":{"start":{"line":152,"column":2},"end":{"line":152,"column":23}},"64":{"start":{"line":154,"column":2},"end":{"line":165,"column":5}},"65":{"start":{"line":155,"column":4},"end":{"line":164,"column":7}},"66":{"start":{"line":162,"column":6},"end":{"line":162,"column":65}},"67":{"start":{"line":163,"column":6},"end":{"line":163,"column":13}},"68":{"start":{"line":167,"column":0},"end":{"line":182,"column":3}},"69":{"start":{"line":168,"column":2},"end":{"line":168,"column":23}},"70":{"start":{"line":170,"column":2},"end":{"line":181,"column":5}},"71":{"start":{"line":171,"column":4},"end":{"line":180,"column":7}},"72":{"start":{"line":178,"column":6},"end":{"line":178,"column":65}},"73":{"start":{"line":179,"column":6},"end":{"line":179,"column":13}},"74":{"start":{"line":183,"column":0},"end":{"line":199,"column":3}},"75":{"start":{"line":184,"column":2},"end":{"line":184,"column":23}},"76":{"start":{"line":186,"column":2},"end":{"line":198,"column":5}},"77":{"start":{"line":187,"column":4},"end":{"line":197,"column":7}},"78":{"start":{"line":195,"column":6},"end":{"line":195,"column":65}},"79":{"start":{"line":196,"column":6},"end":{"line":196,"column":13}}},"fnMap":{"0":{"name":"(anonymous_0)","decl":{"start":{"line":19,"column":23},"end":{"line":19,"column":24}},"loc":{"start":{"line":20,"column":2},"end":{"line":27,"column":4}},"line":20},"1":{"name":"(anonymous_1)","decl":{"start":{"line":20,"column":14},"end":{"line":20,"column":15}},"loc":{"start":{"line":20,"column":35},"end":{"line":27,"column":3}},"line":20},"2":{"name":"(anonymous_2)","decl":{"start":{"line":21,"column":21},"end":{"line":21,"column":22}},"loc":{"start":{"line":21,"column":48},"end":{"line":26,"column":5}},"line":21},"3":{"name":"(anonymous_3)","decl":{"start":{"line":29,"column":19},"end":{"line":29,"column":20}},"loc":{"start":{"line":29,"column":27},"end":{"line":40,"column":1}},"line":29},"4":{"name":"(anonymous_4)","decl":{"start":{"line":32,"column":13},"end":{"line":32,"column":14}},"loc":{"start":{"line":32,"column":23},"end":{"line":39,"column":3}},"line":32},"5":{"name":"(anonymous_5)","decl":{"start":{"line":34,"column":6},"end":{"line":34,"column":7}},"loc":{"start":{"line":34,"column":20},"end":{"line":37,"column":7}},"line":34},"6":{"name":"(anonymous_6)","decl":{"start":{"line":41,"column":18},"end":{"line":41,"column":19}},"loc":{"start":{"line":41,"column":26},"end":{"line":52,"column":1}},"line":41},"7":{"name":"(anonymous_7)","decl":{"start":{"line":44,"column":15},"end":{"line":44,"column":16}},"loc":{"start":{"line":44,"column":25},"end":{"line":51,"column":3}},"line":44},"8":{"name":"(anonymous_8)","decl":{"start":{"line":46,"column":6},"end":{"line":46,"column":7}},"loc":{"start":{"line":46,"column":20},"end":{"line":49,"column":7}},"line":46},"9":{"name":"(anonymous_9)","decl":{"start":{"line":54,"column":24},"end":{"line":54,"column":25}},"loc":{"start":{"line":54,"column":32},"end":{"line":65,"column":1}},"line":54},"10":{"name":"(anonymous_10)","decl":{"start":{"line":57,"column":21},"end":{"line":57,"column":22}},"loc":{"start":{"line":57,"column":31},"end":{"line":64,"column":3}},"line":57},"11":{"name":"(anonymous_11)","decl":{"start":{"line":59,"column":6},"end":{"line":59,"column":7}},"loc":{"start":{"line":59,"column":20},"end":{"line":62,"column":7}},"line":59},"12":{"name":"(anonymous_12)","decl":{"start":{"line":66,"column":19},"end":{"line":66,"column":20}},"loc":{"start":{"line":66,"column":27},"end":{"line":77,"column":1}},"line":66},"13":{"name":"(anonymous_13)","decl":{"start":{"line":69,"column":13},"end":{"line":69,"column":14}},"loc":{"start":{"line":69,"column":23},"end":{"line":76,"column":3}},"line":69},"14":{"name":"(anonymous_14)","decl":{"start":{"line":71,"column":6},"end":{"line":71,"column":7}},"loc":{"start":{"line":71,"column":20},"end":{"line":74,"column":7}},"line":71},"15":{"name":"(anonymous_15)","decl":{"start":{"line":78,"column":18},"end":{"line":78,"column":19}},"loc":{"start":{"line":78,"column":26},"end":{"line":89,"column":1}},"line":78},"16":{"name":"(anonymous_16)","decl":{"start":{"line":81,"column":15},"end":{"line":81,"column":16}},"loc":{"start":{"line":81,"column":25},"end":{"line":88,"column":3}},"line":81},"17":{"name":"(anonymous_17)","decl":{"start":{"line":83,"column":6},"end":{"line":83,"column":7}},"loc":{"start":{"line":83,"column":20},"end":{"line":86,"column":7}},"line":83},"18":{"name":"(anonymous_18)","decl":{"start":{"line":90,"column":22},"end":{"line":90,"column":23}},"loc":{"start":{"line":90,"column":30},"end":{"line":101,"column":1}},"line":90},"19":{"name":"(anonymous_19)","decl":{"start":{"line":93,"column":16},"end":{"line":93,"column":17}},"loc":{"start":{"line":93,"column":26},"end":{"line":100,"column":3}},"line":93},"20":{"name":"(anonymous_20)","decl":{"start":{"line":95,"column":6},"end":{"line":95,"column":7}},"loc":{"start":{"line":95,"column":20},"end":{"line":98,"column":7}},"line":95},"21":{"name":"(anonymous_21)","decl":{"start":{"line":102,"column":28},"end":{"line":102,"column":29}},"loc":{"start":{"line":102,"column":36},"end":{"line":113,"column":1}},"line":102},"22":{"name":"(anonymous_22)","decl":{"start":{"line":105,"column":25},"end":{"line":105,"column":26}},"loc":{"start":{"line":105,"column":35},"end":{"line":112,"column":3}},"line":105},"23":{"name":"(anonymous_23)","decl":{"start":{"line":108,"column":11},"end":{"line":108,"column":12}},"loc":{"start":{"line":108,"column":25},"end":{"line":111,"column":5}},"line":108},"24":{"name":"(anonymous_24)","decl":{"start":{"line":114,"column":20},"end":{"line":114,"column":21}},"loc":{"start":{"line":114,"column":28},"end":{"line":131,"column":1}},"line":114},"25":{"name":"(anonymous_25)","decl":{"start":{"line":117,"column":34},"end":{"line":117,"column":35}},"loc":{"start":{"line":117,"column":44},"end":{"line":130,"column":3}},"line":117},"26":{"name":"(anonymous_26)","decl":{"start":{"line":126,"column":12},"end":{"line":126,"column":13}},"loc":{"start":{"line":126,"column":26},"end":{"line":129,"column":5}},"line":126},"27":{"name":"(anonymous_27)","decl":{"start":{"line":132,"column":23},"end":{"line":132,"column":24}},"loc":{"start":{"line":132,"column":31},"end":{"line":150,"column":1}},"line":132},"28":{"name":"(anonymous_28)","decl":{"start":{"line":135,"column":45},"end":{"line":135,"column":46}},"loc":{"start":{"line":135,"column":55},"end":{"line":149,"column":3}},"line":135},"29":{"name":"(anonymous_29)","decl":{"start":{"line":145,"column":12},"end":{"line":145,"column":13}},"loc":{"start":{"line":145,"column":26},"end":{"line":148,"column":5}},"line":145},"30":{"name":"(anonymous_30)","decl":{"start":{"line":151,"column":24},"end":{"line":151,"column":25}},"loc":{"start":{"line":151,"column":32},"end":{"line":166,"column":1}},"line":151},"31":{"name":"(anonymous_31)","decl":{"start":{"line":154,"column":30},"end":{"line":154,"column":31}},"loc":{"start":{"line":154,"column":40},"end":{"line":165,"column":3}},"line":154},"32":{"name":"(anonymous_32)","decl":{"start":{"line":161,"column":12},"end":{"line":161,"column":13}},"loc":{"start":{"line":161,"column":26},"end":{"line":164,"column":5}},"line":161},"33":{"name":"(anonymous_33)","decl":{"start":{"line":167,"column":23},"end":{"line":167,"column":24}},"loc":{"start":{"line":167,"column":31},"end":{"line":182,"column":1}},"line":167},"34":{"name":"(anonymous_34)","decl":{"start":{"line":170,"column":28},"end":{"line":170,"column":29}},"loc":{"start":{"line":170,"column":38},"end":{"line":181,"column":3}},"line":170},"35":{"name":"(anonymous_35)","decl":{"start":{"line":177,"column":12},"end":{"line":177,"column":13}},"loc":{"start":{"line":177,"column":26},"end":{"line":180,"column":5}},"line":177},"36":{"name":"(anonymous_36)","decl":{"start":{"line":183,"column":19},"end":{"line":183,"column":20}},"loc":{"start":{"line":183,"column":27},"end":{"line":199,"column":1}},"line":183},"37":{"name":"(anonymous_37)","decl":{"start":{"line":186,"column":33},"end":{"line":186,"column":34}},"loc":{"start":{"line":186,"column":43},"end":{"line":198,"column":3}},"line":186},"38":{"name":"(anonymous_38)","decl":{"start":{"line":194,"column":12},"end":{"line":194,"column":13}},"loc":{"start":{"line":194,"column":26},"end":{"line":197,"column":5}},"line":194}},"branchMap":{"0":{"loc":{"start":{"line":22,"column":6},"end":{"line":24,"column":7}},"type":"if","locations":[{"start":{"line":22,"column":6},"end":{"line":24,"column":7}},{"start":{"line":22,"column":6},"end":{"line":24,"column":7}}],"line":22}},"s":{"0":1,"1":1,"2":1,"3":5,"4":5,"5":5,"6":0,"7":5,"8":1,"9":1,"10":1,"11":0,"12":0,"13":0,"14":1,"15":1,"16":1,"17":0,"18":0,"19":0,"20":1,"21":1,"22":1,"23":0,"24":0,"25":0,"26":1,"27":1,"28":1,"29":1,"30":1,"31":1,"32":1,"33":1,"34":1,"35":1,"36":1,"37":1,"38":1,"39":1,"40":1,"41":1,"42":1,"43":1,"44":1,"45":1,"46":1,"47":1,"48":1,"49":1,"50":1,"51":1,"52":1,"53":1,"54":1,"55":0,"56":1,"57":1,"58":1,"59":0,"60":0,"61":0,"62":1,"63":1,"64":1,"65":0,"66":0,"67":0,"68":1,"69":1,"70":1,"71":0,"72":0,"73":0,"74":1,"75":1,"76":1,"77":0,"78":0,"79":0},"f":{"0":5,"1":5,"2":5,"3":1,"4":0,"5":0,"6":1,"7":0,"8":0,"9":1,"10":0,"11":0,"12":1,"13":1,"14":1,"15":1,"16":1,"17":1,"18":1,"19":1,"20":1,"21":1,"22":1,"23":1,"24":1,"25":1,"26":1,"27":1,"28":0,"29":0,"30":1,"31":0,"32":0,"33":1,"34":0,"35":0,"36":1,"37":0,"38":0},"b":{"0":[0,5]},"_coverageSchema":"332fd63041d2c1bcb487cc26dd0d5f7d97098a6c","hash":"30c9926f2d8d39f3d33aa1a5000b9e874dbd18cc"}
}
