TN:
SF:/Users/Remi/Workspace/camp2_exercises/03_backend_developement/02_node_&_internet_fundamentals/02_manage_a_webservice/talk_with_json_placeholder.js
FN:11,fetchUsers
FN:17,(anonymous_1)
FN:23,fetchUser
FN:29,(anonymous_3)
FN:35,fetchComments
FN:41,(anonymous_5)
FN:47,fetchCommentsByPost
FN:53,(anonymous_7)
FN:59,publishPost
FN:65,(anonymous_9)
FNF:10
FNH:10
FNDA:1,fetchUsers
FNDA:1,(anonymous_1)
FNDA:1,fetchUser
FNDA:1,(anonymous_3)
FNDA:1,fetchComments
FNDA:1,(anonymous_5)
FNDA:1,fetchCommentsByPost
FNDA:1,(anonymous_7)
FNDA:1,publishPost
FNDA:1,(anonymous_9)
DA:1,1
DA:2,1
DA:12,1
DA:18,1
DA:24,1
DA:30,1
DA:36,1
DA:42,1
DA:48,1
DA:54,1
DA:60,1
DA:66,1
LF:12
LH:12
BRF:0
BRH:0
end_of_record
TN:
SF:/Users/Remi/Workspace/camp2_exercises/03_backend_developement/02_node_&_internet_fundamentals/02_manage_a_webservice/.__tests__/talk_with_json_placeholder.test.js
FN:19,(anonymous_0)
FN:20,(anonymous_1)
FN:21,(anonymous_2)
FN:29,(anonymous_3)
FN:32,(anonymous_4)
FN:34,(anonymous_5)
FN:41,(anonymous_6)
FN:44,(anonymous_7)
FN:46,(anonymous_8)
FN:54,(anonymous_9)
FN:57,(anonymous_10)
FN:59,(anonymous_11)
FN:66,(anonymous_12)
FN:69,(anonymous_13)
FN:71,(anonymous_14)
FN:78,(anonymous_15)
FN:81,(anonymous_16)
FN:83,(anonymous_17)
FN:90,(anonymous_18)
FN:93,(anonymous_19)
FN:95,(anonymous_20)
FN:102,(anonymous_21)
FN:105,(anonymous_22)
FN:108,(anonymous_23)
FN:114,(anonymous_24)
FN:117,(anonymous_25)
FN:126,(anonymous_26)
FN:132,(anonymous_27)
FN:135,(anonymous_28)
FN:145,(anonymous_29)
FN:151,(anonymous_30)
FN:154,(anonymous_31)
FN:161,(anonymous_32)
FN:167,(anonymous_33)
FN:170,(anonymous_34)
FN:177,(anonymous_35)
FN:183,(anonymous_36)
FN:186,(anonymous_37)
FN:194,(anonymous_38)
FNF:39
FNH:25
FNDA:5,(anonymous_0)
FNDA:5,(anonymous_1)
FNDA:5,(anonymous_2)
FNDA:1,(anonymous_3)
FNDA:0,(anonymous_4)
FNDA:0,(anonymous_5)
FNDA:1,(anonymous_6)
FNDA:0,(anonymous_7)
FNDA:0,(anonymous_8)
FNDA:1,(anonymous_9)
FNDA:0,(anonymous_10)
FNDA:0,(anonymous_11)
FNDA:1,(anonymous_12)
FNDA:1,(anonymous_13)
FNDA:1,(anonymous_14)
FNDA:1,(anonymous_15)
FNDA:1,(anonymous_16)
FNDA:1,(anonymous_17)
FNDA:1,(anonymous_18)
FNDA:1,(anonymous_19)
FNDA:1,(anonymous_20)
FNDA:1,(anonymous_21)
FNDA:1,(anonymous_22)
FNDA:1,(anonymous_23)
FNDA:1,(anonymous_24)
FNDA:1,(anonymous_25)
FNDA:1,(anonymous_26)
FNDA:1,(anonymous_27)
FNDA:0,(anonymous_28)
FNDA:0,(anonymous_29)
FNDA:1,(anonymous_30)
FNDA:0,(anonymous_31)
FNDA:0,(anonymous_32)
FNDA:1,(anonymous_33)
FNDA:0,(anonymous_34)
FNDA:0,(anonymous_35)
FNDA:1,(anonymous_36)
FNDA:0,(anonymous_37)
FNDA:0,(anonymous_38)
DA:1,1
DA:17,1
DA:19,1
DA:20,5
DA:21,5
DA:22,5
DA:23,0
DA:25,5
DA:29,1
DA:30,1
DA:32,1
DA:33,0
DA:35,0
DA:36,0
DA:41,1
DA:42,1
DA:44,1
DA:45,0
DA:47,0
DA:48,0
DA:54,1
DA:55,1
DA:57,1
DA:58,0
DA:60,0
DA:61,0
DA:66,1
DA:67,1
DA:69,1
DA:70,1
DA:72,1
DA:73,1
DA:78,1
DA:79,1
DA:81,1
DA:82,1
DA:84,1
DA:85,1
DA:90,1
DA:91,1
DA:93,1
DA:94,1
DA:96,1
DA:97,1
DA:102,1
DA:103,1
DA:105,1
DA:106,1
DA:109,1
DA:110,1
DA:114,1
DA:115,1
DA:117,1
DA:118,1
DA:127,1
DA:128,0
DA:132,1
DA:133,1
DA:135,1
DA:136,0
DA:146,0
DA:147,0
DA:151,1
DA:152,1
DA:154,1
DA:155,0
DA:162,0
DA:163,0
DA:167,1
DA:168,1
DA:170,1
DA:171,0
DA:178,0
DA:179,0
DA:183,1
DA:184,1
DA:186,1
DA:187,0
DA:195,0
DA:196,0
LF:80
LH:57
BRDA:22,0,0,0
BRDA:22,0,1,5
BRF:2
BRH:1
end_of_record
