<?xml version="1.0" encoding="UTF-8"?>
<coverage generated="1524064200408" clover="3.2.0">
  <project timestamp="1524064200408" name="All files">
    <metrics statements="45" coveredstatements="22" conditionals="2" coveredconditionals="0" methods="10" coveredmethods="8" elements="57" coveredelements="30" complexity="0" loc="45" ncloc="45" packages="2" files="4" classes="4">
      <package name="03_work_with_several_files">
        <metrics statements="0" coveredstatements="0" conditionals="0" coveredconditionals="0" methods="0" coveredmethods="0"/>
        <file name="container.js" path="/Users/Remi/Workspace/camp2_exercises/03_backend_developement/02_node_&_internet_fundamentals/03_work_with_several_files/container.js">
          <metrics statements="0" coveredstatements="0" conditionals="0" coveredconditionals="0" methods="0" coveredmethods="0"/>
        </file>
        <file name="machine.js" path="/Users/Remi/Workspace/camp2_exercises/03_backend_developement/02_node_&_internet_fundamentals/03_work_with_several_files/machine.js">
          <metrics statements="0" coveredstatements="0" conditionals="0" coveredconditionals="0" methods="0" coveredmethods="0"/>
        </file>
      </package>
      <package name="03_work_with_several_files..__tests__">
        <metrics statements="45" coveredstatements="22" conditionals="2" coveredconditionals="0" methods="10" coveredmethods="8"/>
        <file name="container.test.js" path="/Users/Remi/Workspace/camp2_exercises/03_backend_developement/02_node_&_internet_fundamentals/03_work_with_several_files/.__tests__/container.test.js">
          <metrics statements="10" coveredstatements="7" conditionals="0" coveredconditionals="0" methods="3" coveredmethods="3"/>
          <line num="1" count="1" type="stmt"/>
          <line num="3" count="1" type="stmt"/>
          <line num="4" count="1" type="stmt"/>
          <line num="7" count="1" type="stmt"/>
          <line num="8" count="1" type="stmt"/>
          <line num="9" count="0" type="stmt"/>
          <line num="12" count="1" type="stmt"/>
          <line num="13" count="1" type="stmt"/>
          <line num="14" count="0" type="stmt"/>
          <line num="15" count="0" type="stmt"/>
        </file>
        <file name="machine.test.js" path="/Users/Remi/Workspace/camp2_exercises/03_backend_developement/02_node_&_internet_fundamentals/03_work_with_several_files/.__tests__/machine.test.js">
          <metrics statements="35" coveredstatements="15" conditionals="2" coveredconditionals="0" methods="7" coveredmethods="5"/>
          <line num="2" count="1" type="stmt"/>
          <line num="3" count="1" type="stmt"/>
          <line num="4" count="1" type="stmt"/>
          <line num="6" count="0" type="stmt"/>
          <line num="9" count="0" type="stmt"/>
          <line num="10" count="0" type="cond" truecount="0" falsecount="2"/>
          <line num="11" count="0" type="stmt"/>
          <line num="12" count="0" type="stmt"/>
          <line num="14" count="0" type="stmt"/>
          <line num="17" count="1" type="stmt"/>
          <line num="19" count="1" type="stmt"/>
          <line num="20" count="4" type="stmt"/>
          <line num="21" count="4" type="stmt"/>
          <line num="24" count="1" type="stmt"/>
          <line num="25" count="1" type="stmt"/>
          <line num="27" count="0" type="stmt"/>
          <line num="28" count="0" type="stmt"/>
          <line num="29" count="0" type="stmt"/>
          <line num="30" count="0" type="stmt"/>
          <line num="31" count="0" type="stmt"/>
          <line num="32" count="0" type="stmt"/>
          <line num="36" count="1" type="stmt"/>
          <line num="37" count="1" type="stmt"/>
          <line num="38" count="0" type="stmt"/>
          <line num="39" count="0" type="stmt"/>
          <line num="40" count="0" type="stmt"/>
          <line num="43" count="1" type="stmt"/>
          <line num="44" count="1" type="stmt"/>
          <line num="45" count="0" type="stmt"/>
          <line num="46" count="0" type="stmt"/>
          <line num="47" count="0" type="stmt"/>
          <line num="50" count="1" type="stmt"/>
          <line num="51" count="1" type="stmt"/>
          <line num="53" count="0" type="stmt"/>
          <line num="54" count="0" type="stmt"/>
        </file>
      </package>
    </metrics>
  </project>
</coverage>
