{"/Users/Remi/Workspace/camp2_exercises/03_backend_developement/02_node_&_internet_fundamentals/03_work_with_several_files/container.js": {"path":"/Users/Remi/Workspace/camp2_exercises/03_backend_developement/02_node_&_internet_fundamentals/03_work_with_several_files/container.js","statementMap":{},"fnMap":{},"branchMap":{},"s":{},"f":{},"b":{},"_coverageSchema":"332fd63041d2c1bcb487cc26dd0d5f7d97098a6c","hash":"5f6d126ce44a0423daba2043353424767aefce99"}
,"/Users/Remi/Workspace/camp2_exercises/03_backend_developement/02_node_&_internet_fundamentals/03_work_with_several_files/machine.js": {"path":"/Users/Remi/Workspace/camp2_exercises/03_backend_developement/02_node_&_internet_fundamentals/03_work_with_several_files/machine.js","statementMap":{},"fnMap":{},"branchMap":{},"s":{},"f":{},"b":{},"_coverageSchema":"332fd63041d2c1bcb487cc26dd0d5f7d97098a6c","hash":"e014160fdb0702a42a60b70360cf431bbb047b5b"}
,"/Users/Remi/Workspace/camp2_exercises/03_backend_developement/02_node_&_internet_fundamentals/03_work_with_several_files/.__tests__/container.test.js": {"path":"/Users/Remi/Workspace/camp2_exercises/03_backend_developement/02_node_&_internet_fundamentals/03_work_with_several_files/.__tests__/container.test.js","statementMap":{"0":{"start":{"line":1,"column":18},"end":{"line":1,"column":41}},"1":{"start":{"line":3,"column":0},"end":{"line":5,"column":2}},"2":{"start":{"line":4,"column":2},"end":{"line":4,"column":58}},"3":{"start":{"line":7,"column":0},"end":{"line":10,"column":2}},"4":{"start":{"line":8,"column":2},"end":{"line":8,"column":33}},"5":{"start":{"line":9,"column":2},"end":{"line":9,"column":56}},"6":{"start":{"line":12,"column":0},"end":{"line":16,"column":2}},"7":{"start":{"line":13,"column":2},"end":{"line":13,"column":33}},"8":{"start":{"line":14,"column":2},"end":{"line":14,"column":56}},"9":{"start":{"line":15,"column":2},"end":{"line":15,"column":57}}},"fnMap":{"0":{"name":"(anonymous_0)","decl":{"start":{"line":3,"column":56},"end":{"line":3,"column":57}},"loc":{"start":{"line":3,"column":62},"end":{"line":5,"column":1}},"line":3},"1":{"name":"(anonymous_1)","decl":{"start":{"line":7,"column":53},"end":{"line":7,"column":54}},"loc":{"start":{"line":7,"column":59},"end":{"line":10,"column":1}},"line":7},"2":{"name":"(anonymous_2)","decl":{"start":{"line":12,"column":76},"end":{"line":12,"column":77}},"loc":{"start":{"line":12,"column":82},"end":{"line":16,"column":1}},"line":12}},"branchMap":{},"s":{"0":1,"1":1,"2":1,"3":1,"4":1,"5":0,"6":1,"7":1,"8":0,"9":0},"f":{"0":1,"1":1,"2":1},"b":{},"_coverageSchema":"332fd63041d2c1bcb487cc26dd0d5f7d97098a6c","hash":"4b72b67ad94bedbfa3519186ba84dc5df03dbec4"}
,"/Users/Remi/Workspace/camp2_exercises/03_backend_developement/02_node_&_internet_fundamentals/03_work_with_several_files/.__tests__/machine.test.js": {"path":"/Users/Remi/Workspace/camp2_exercises/03_backend_developement/02_node_&_internet_fundamentals/03_work_with_several_files/.__tests__/machine.test.js","statementMap":{"0":{"start":{"line":2,"column":13},"end":{"line":2,"column":14}},"1":{"start":{"line":3,"column":12},"end":{"line":3,"column":13}},"2":{"start":{"line":4,"column":0},"end":{"line":16,"column":2}},"3":{"start":{"line":6,"column":4},"end":{"line":6,"column":16}},"4":{"start":{"line":9,"column":4},"end":{"line":9,"column":12}},"5":{"start":{"line":10,"column":4},"end":{"line":13,"column":5}},"6":{"start":{"line":11,"column":6},"end":{"line":11,"column":18}},"7":{"start":{"line":12,"column":6},"end":{"line":12,"column":18}},"8":{"start":{"line":14,"column":4},"end":{"line":14,"column":17}},"9":{"start":{"line":17,"column":16},"end":{"line":17,"column":37}},"10":{"start":{"line":19,"column":0},"end":{"line":22,"column":2}},"11":{"start":{"line":20,"column":2},"end":{"line":20,"column":13}},"12":{"start":{"line":21,"column":2},"end":{"line":21,"column":12}},"13":{"start":{"line":24,"column":0},"end":{"line":33,"column":2}},"14":{"start":{"line":25,"column":2},"end":{"line":25,"column":38}},"15":{"start":{"line":27,"column":2},"end":{"line":27,"column":40}},"16":{"start":{"line":28,"column":2},"end":{"line":28,"column":42}},"17":{"start":{"line":29,"column":2},"end":{"line":29,"column":42}},"18":{"start":{"line":30,"column":2},"end":{"line":30,"column":43}},"19":{"start":{"line":31,"column":2},"end":{"line":31,"column":40}},"20":{"start":{"line":32,"column":2},"end":{"line":32,"column":41}},"21":{"start":{"line":36,"column":0},"end":{"line":41,"column":3}},"22":{"start":{"line":37,"column":2},"end":{"line":37,"column":39}},"23":{"start":{"line":38,"column":2},"end":{"line":38,"column":43}},"24":{"start":{"line":39,"column":2},"end":{"line":39,"column":43}},"25":{"start":{"line":40,"column":2},"end":{"line":40,"column":44}},"26":{"start":{"line":43,"column":0},"end":{"line":48,"column":3}},"27":{"start":{"line":44,"column":2},"end":{"line":44,"column":39}},"28":{"start":{"line":45,"column":2},"end":{"line":45,"column":45}},"29":{"start":{"line":46,"column":2},"end":{"line":46,"column":45}},"30":{"start":{"line":47,"column":2},"end":{"line":47,"column":46}},"31":{"start":{"line":50,"column":0},"end":{"line":55,"column":2}},"32":{"start":{"line":51,"column":2},"end":{"line":51,"column":38}},"33":{"start":{"line":53,"column":2},"end":{"line":53,"column":40}},"34":{"start":{"line":54,"column":2},"end":{"line":54,"column":23}}},"fnMap":{"0":{"name":"(anonymous_0)","decl":{"start":{"line":5,"column":21},"end":{"line":5,"column":22}},"loc":{"start":{"line":5,"column":26},"end":{"line":7,"column":3}},"line":5},"1":{"name":"(anonymous_1)","decl":{"start":{"line":8,"column":25},"end":{"line":8,"column":26}},"loc":{"start":{"line":8,"column":30},"end":{"line":15,"column":3}},"line":8},"2":{"name":"(anonymous_2)","decl":{"start":{"line":19,"column":11},"end":{"line":19,"column":12}},"loc":{"start":{"line":19,"column":17},"end":{"line":22,"column":1}},"line":19},"3":{"name":"(anonymous_3)","decl":{"start":{"line":24,"column":48},"end":{"line":24,"column":49}},"loc":{"start":{"line":24,"column":54},"end":{"line":33,"column":1}},"line":24},"4":{"name":"(anonymous_4)","decl":{"start":{"line":36,"column":41},"end":{"line":36,"column":42}},"loc":{"start":{"line":36,"column":47},"end":{"line":41,"column":1}},"line":36},"5":{"name":"(anonymous_5)","decl":{"start":{"line":43,"column":44},"end":{"line":43,"column":45}},"loc":{"start":{"line":43,"column":50},"end":{"line":48,"column":1}},"line":43},"6":{"name":"(anonymous_6)","decl":{"start":{"line":50,"column":46},"end":{"line":50,"column":47}},"loc":{"start":{"line":50,"column":52},"end":{"line":55,"column":1}},"line":50}},"branchMap":{"0":{"loc":{"start":{"line":10,"column":4},"end":{"line":13,"column":5}},"type":"if","locations":[{"start":{"line":10,"column":4},"end":{"line":13,"column":5}},{"start":{"line":10,"column":4},"end":{"line":13,"column":5}}],"line":10}},"s":{"0":1,"1":1,"2":1,"3":0,"4":0,"5":0,"6":0,"7":0,"8":0,"9":1,"10":1,"11":4,"12":4,"13":1,"14":1,"15":0,"16":0,"17":0,"18":0,"19":0,"20":0,"21":1,"22":1,"23":0,"24":0,"25":0,"26":1,"27":1,"28":0,"29":0,"30":0,"31":1,"32":1,"33":0,"34":0},"f":{"0":0,"1":0,"2":4,"3":1,"4":1,"5":1,"6":1},"b":{"0":[0,0]},"_coverageSchema":"332fd63041d2c1bcb487cc26dd0d5f7d97098a6c","hash":"19b4e8e180ce5ade2f69282ce6d53d1b78e18468"}
}
