TN:
SF:/Users/Remi/Workspace/camp2_exercises/03_backend_developement/02_node_&_internet_fundamentals/03_work_with_several_files/container.js
FNF:0
FNH:0
LF:0
LH:0
BRF:0
BRH:0
end_of_record
TN:
SF:/Users/Remi/Workspace/camp2_exercises/03_backend_developement/02_node_&_internet_fundamentals/03_work_with_several_files/machine.js
FNF:0
FNH:0
LF:0
LH:0
BRF:0
BRH:0
end_of_record
TN:
SF:/Users/Remi/Workspace/camp2_exercises/03_backend_developement/02_node_&_internet_fundamentals/03_work_with_several_files/.__tests__/container.test.js
FN:3,(anonymous_0)
FN:7,(anonymous_1)
FN:12,(anonymous_2)
FNF:3
FNH:3
FNDA:1,(anonymous_0)
FNDA:1,(anonymous_1)
FNDA:1,(anonymous_2)
DA:1,1
DA:3,1
DA:4,1
DA:7,1
DA:8,1
DA:9,0
DA:12,1
DA:13,1
DA:14,0
DA:15,0
LF:10
LH:7
BRF:0
BRH:0
end_of_record
TN:
SF:/Users/Remi/Workspace/camp2_exercises/03_backend_developement/02_node_&_internet_fundamentals/03_work_with_several_files/.__tests__/machine.test.js
FN:5,(anonymous_0)
FN:8,(anonymous_1)
FN:19,(anonymous_2)
FN:24,(anonymous_3)
FN:36,(anonymous_4)
FN:43,(anonymous_5)
FN:50,(anonymous_6)
FNF:7
FNH:5
FNDA:0,(anonymous_0)
FNDA:0,(anonymous_1)
FNDA:4,(anonymous_2)
FNDA:1,(anonymous_3)
FNDA:1,(anonymous_4)
FNDA:1,(anonymous_5)
FNDA:1,(anonymous_6)
DA:2,1
DA:3,1
DA:4,1
DA:6,0
DA:9,0
DA:10,0
DA:11,0
DA:12,0
DA:14,0
DA:17,1
DA:19,1
DA:20,4
DA:21,4
DA:24,1
DA:25,1
DA:27,0
DA:28,0
DA:29,0
DA:30,0
DA:31,0
DA:32,0
DA:36,1
DA:37,1
DA:38,0
DA:39,0
DA:40,0
DA:43,1
DA:44,1
DA:45,0
DA:46,0
DA:47,0
DA:50,1
DA:51,1
DA:53,0
DA:54,0
LF:35
LH:15
BRDA:10,0,0,0
BRDA:10,0,1,0
BRF:2
BRH:0
end_of_record
